{"/Users/wrebelo/work/wesreact/client/actions/actionCreators.js": {"path":"/Users/wrebelo/work/wesreact/client/actions/actionCreators.js","statementMap":{"0":{"start":{"line":3,"column":40},"end":{"line":12,"column":1}},"1":{"start":{"line":4,"column":2},"end":{"line":11,"column":4}},"2":{"start":{"line":14,"column":42},"end":{"line":23,"column":1}},"3":{"start":{"line":15,"column":2},"end":{"line":22,"column":4}},"4":{"start":{"line":25,"column":36},"end":{"line":34,"column":1}},"5":{"start":{"line":26,"column":2},"end":{"line":33,"column":3}}},"fnMap":{"0":{"name":"(anonymous_0)","decl":{"start":{"line":3,"column":40},"end":{"line":3,"column":41}},"loc":{"start":{"line":3,"column":78},"end":{"line":12,"column":1}},"line":3},"1":{"name":"(anonymous_1)","decl":{"start":{"line":14,"column":42},"end":{"line":14,"column":43}},"loc":{"start":{"line":14,"column":82},"end":{"line":23,"column":1}},"line":14},"2":{"name":"(anonymous_2)","decl":{"start":{"line":25,"column":36},"end":{"line":25,"column":37}},"loc":{"start":{"line":25,"column":70},"end":{"line":34,"column":1}},"line":25}},"branchMap":{},"s":{"0":1,"1":1,"2":1,"3":1,"4":1,"5":1},"f":{"0":1,"1":1,"2":1},"b":{},"_coverageSchema":"332fd63041d2c1bcb487cc26dd0d5f7d97098a6c","hash":"2d2d1596fe871df0a83d9aec3a2b98b4d37094a0"}
,"/Users/wrebelo/work/wesreact/client/reducers/availability-reducer/availabilityReducer.js": {"path":"/Users/wrebelo/work/wesreact/client/reducers/availability-reducer/availabilityReducer.js","statementMap":{"0":{"start":{"line":6,"column":21},"end":{"line":6,"column":57}},"1":{"start":{"line":7,"column":2},"end":{"line":34,"column":3}},"2":{"start":{"line":9,"column":6},"end":{"line":15,"column":7}},"3":{"start":{"line":17,"column":6},"end":{"line":23,"column":7}},"4":{"start":{"line":25,"column":6},"end":{"line":31,"column":7}},"5":{"start":{"line":33,"column":6},"end":{"line":33,"column":19}}},"fnMap":{"0":{"name":"availability","decl":{"start":{"line":5,"column":9},"end":{"line":5,"column":21}},"loc":{"start":{"line":5,"column":47},"end":{"line":35,"column":1}},"line":5}},"branchMap":{"0":{"loc":{"start":{"line":5,"column":22},"end":{"line":5,"column":32}},"type":"default-arg","locations":[{"start":{"line":5,"column":30},"end":{"line":5,"column":32}}],"line":5},"1":{"loc":{"start":{"line":5,"column":34},"end":{"line":5,"column":45}},"type":"default-arg","locations":[{"start":{"line":5,"column":43},"end":{"line":5,"column":45}}],"line":5},"2":{"loc":{"start":{"line":7,"column":2},"end":{"line":34,"column":3}},"type":"switch","locations":[{"start":{"line":8,"column":4},"end":{"line":15,"column":7}},{"start":{"line":16,"column":4},"end":{"line":23,"column":7}},{"start":{"line":24,"column":4},"end":{"line":31,"column":7}},{"start":{"line":32,"column":4},"end":{"line":33,"column":19}}],"line":7}},"s":{"0":5,"1":5,"2":1,"3":1,"4":1,"5":2},"f":{"0":5},"b":{"0":[1],"1":[2],"2":[1,1,1,2]},"_coverageSchema":"332fd63041d2c1bcb487cc26dd0d5f7d97098a6c","hash":"83f2e38388fa797e49148ca0a801c62cc46b18ec"}
,"/Users/wrebelo/work/wesreact/client/reducers/availability-reducer/groups-reducer/groupsReducer.js": {"path":"/Users/wrebelo/work/wesreact/client/reducers/availability-reducer/groups-reducer/groupsReducer.js","statementMap":{"0":{"start":{"line":6,"column":20},"end":{"line":6,"column":55}},"1":{"start":{"line":7,"column":2},"end":{"line":37,"column":3}},"2":{"start":{"line":9,"column":6},"end":{"line":16,"column":7}},"3":{"start":{"line":18,"column":6},"end":{"line":25,"column":7}},"4":{"start":{"line":27,"column":6},"end":{"line":34,"column":7}},"5":{"start":{"line":36,"column":6},"end":{"line":36,"column":19}}},"fnMap":{"0":{"name":"groups","decl":{"start":{"line":5,"column":9},"end":{"line":5,"column":15}},"loc":{"start":{"line":5,"column":41},"end":{"line":38,"column":1}},"line":5}},"branchMap":{"0":{"loc":{"start":{"line":5,"column":16},"end":{"line":5,"column":26}},"type":"default-arg","locations":[{"start":{"line":5,"column":24},"end":{"line":5,"column":26}}],"line":5},"1":{"loc":{"start":{"line":5,"column":28},"end":{"line":5,"column":39}},"type":"default-arg","locations":[{"start":{"line":5,"column":37},"end":{"line":5,"column":39}}],"line":5},"2":{"loc":{"start":{"line":7,"column":2},"end":{"line":37,"column":3}},"type":"switch","locations":[{"start":{"line":8,"column":4},"end":{"line":16,"column":7}},{"start":{"line":17,"column":4},"end":{"line":25,"column":7}},{"start":{"line":26,"column":4},"end":{"line":34,"column":7}},{"start":{"line":35,"column":4},"end":{"line":36,"column":19}}],"line":7}},"s":{"0":8,"1":8,"2":2,"3":2,"4":2,"5":2},"f":{"0":8},"b":{"0":[1],"1":[2],"2":[2,2,2,2]},"_coverageSchema":"332fd63041d2c1bcb487cc26dd0d5f7d97098a6c","hash":"dec4b6f4bc12d561c3cbe307bf65b6bf716079d5"}
,"/Users/wrebelo/work/wesreact/client/reducers/availability-reducer/groups-reducer/tours-reducer/toursReducer.js": {"path":"/Users/wrebelo/work/wesreact/client/reducers/availability-reducer/groups-reducer/tours-reducer/toursReducer.js","statementMap":{"0":{"start":{"line":5,"column":2},"end":{"line":26,"column":3}},"1":{"start":{"line":7,"column":26},"end":{"line":7,"column":51}},"2":{"start":{"line":8,"column":6},"end":{"line":11,"column":7}},"3":{"start":{"line":13,"column":30},"end":{"line":13,"column":55}},"4":{"start":{"line":14,"column":6},"end":{"line":17,"column":7}},"5":{"start":{"line":19,"column":24},"end":{"line":19,"column":49}},"6":{"start":{"line":20,"column":6},"end":{"line":23,"column":7}},"7":{"start":{"line":25,"column":6},"end":{"line":25,"column":19}}},"fnMap":{"0":{"name":"tours","decl":{"start":{"line":4,"column":9},"end":{"line":4,"column":14}},"loc":{"start":{"line":4,"column":40},"end":{"line":27,"column":1}},"line":4}},"branchMap":{"0":{"loc":{"start":{"line":4,"column":15},"end":{"line":4,"column":25}},"type":"default-arg","locations":[{"start":{"line":4,"column":23},"end":{"line":4,"column":25}}],"line":4},"1":{"loc":{"start":{"line":4,"column":27},"end":{"line":4,"column":38}},"type":"default-arg","locations":[{"start":{"line":4,"column":36},"end":{"line":4,"column":38}}],"line":4},"2":{"loc":{"start":{"line":5,"column":2},"end":{"line":26,"column":3}},"type":"switch","locations":[{"start":{"line":6,"column":4},"end":{"line":11,"column":7}},{"start":{"line":12,"column":4},"end":{"line":17,"column":7}},{"start":{"line":18,"column":4},"end":{"line":23,"column":7}},{"start":{"line":24,"column":4},"end":{"line":25,"column":19}}],"line":5}},"s":{"0":14,"1":3,"2":3,"3":4,"4":4,"5":3,"6":3,"7":4},"f":{"0":14},"b":{"0":[1],"1":[4],"2":[3,4,3,4]},"_coverageSchema":"332fd63041d2c1bcb487cc26dd0d5f7d97098a6c","hash":"0df05f5c9f12f239747373ca3dd9f5f6c54d4af0"}
}
