TN:
SF:/Users/wrebelo/work/wesreact/client/actions/actionCreators.js
FN:3,(anonymous_0)
FN:14,(anonymous_1)
FN:25,(anonymous_2)
FNF:3
FNH:3
FNDA:1,(anonymous_0)
FNDA:1,(anonymous_1)
FNDA:1,(anonymous_2)
DA:3,1
DA:4,1
DA:14,1
DA:15,1
DA:25,1
DA:26,1
LF:6
LH:6
BRF:0
BRH:0
end_of_record
TN:
SF:/Users/wrebelo/work/wesreact/client/reducers/availability-reducer/availabilityReducer.js
FN:5,availability
FNF:1
FNH:1
FNDA:5,availability
DA:6,5
DA:7,5
DA:9,1
DA:17,1
DA:25,1
DA:33,2
LF:6
LH:6
BRDA:5,0,0,1
BRDA:5,1,0,2
BRDA:7,2,0,1
BRDA:7,2,1,1
BRDA:7,2,2,1
BRDA:7,2,3,2
BRF:6
BRH:6
end_of_record
TN:
SF:/Users/wrebelo/work/wesreact/client/reducers/availability-reducer/groups-reducer/groupsReducer.js
FN:5,groups
FNF:1
FNH:1
FNDA:8,groups
DA:6,8
DA:7,8
DA:9,2
DA:18,2
DA:27,2
DA:36,2
LF:6
LH:6
BRDA:5,0,0,1
BRDA:5,1,0,2
BRDA:7,2,0,2
BRDA:7,2,1,2
BRDA:7,2,2,2
BRDA:7,2,3,2
BRF:6
BRH:6
end_of_record
TN:
SF:/Users/wrebelo/work/wesreact/client/reducers/availability-reducer/groups-reducer/tours-reducer/toursReducer.js
FN:4,tours
FNF:1
FNH:1
FNDA:14,tours
DA:5,14
DA:7,3
DA:8,3
DA:13,4
DA:14,4
DA:19,3
DA:20,3
DA:25,4
LF:8
LH:8
BRDA:4,0,0,1
BRDA:4,1,0,4
BRDA:5,2,0,3
BRDA:5,2,1,4
BRDA:5,2,2,3
BRDA:5,2,3,4
BRF:6
BRH:6
end_of_record
